<mule xmlns="http://www.mulesoft.org/schema/mule/core"
      xmlns:xsi="http://www.w3.org/2001/XMLSchema-instance"
      xmlns:whisperer="http://www.mulesoft.org/schema/mule/whisperer"
      xsi:schemaLocation="http://www.mulesoft.org/schema/mule/core http://www.mulesoft.org/schema/mule/core/current/mule.xsd
          http://www.mulesoft.org/schema/mule/whisperer http://www.mulesoft.org/schema/mule/whisperer/current/mule-whisperer.xsd">

    <whisperer:config name="config" apiKey="testapikey">
    </whisperer:config>
</mule>
