<mule xmlns="http://www.mulesoft.org/schema/mule/core"
      xmlns:xsi="http://www.w3.org/2001/XMLSchema-instance"
      xmlns:mulechain-voice="http://www.mulesoft.org/schema/mule/mulechain-voice"
      xsi:schemaLocation="http://www.mulesoft.org/schema/mule/core http://www.mulesoft.org/schema/mule/core/current/mule.xsd
          http://www.mulesoft.org/schema/mule/mulechain-voice http://www.mulesoft.org/schema/mule/mulechain-voice/current/mule-mulechain-voice.xsd">

    <mulechain-voice:config name="config" configId="configId">
        <mulechain-voice:connection requiredParameter="aValue" />
    </mulechain-voice:config>

    <flow name="sayHiFlow">
        <mulechain-voice:say-hi person="Mariano Gonzalez"/>
    </flow>

    <flow name="retrieveInfoFlow">
        <mulechain-voice:retrieve-info config-ref="config"/>
    </flow>

</mule>
